<?xml version="1.0" encoding="UTF-8"?>
<!-- Generated by org.testng.reporters.JUnitReportReporter -->
<testsuite hostname="Salils-MacBook-Pro.local" failures="0" tests="2" name="com.qa.test.ProductTests" time="32.948" errors="0" timestamp="2021-02-19T16:41:36 IST" skipped="0">
  <testcase classname="com.qa.test.ProductTests" name="validateProductOnProductDetailsPage" time="23.142"/>
  <system-out/>
  <testcase classname="com.qa.test.ProductTests" name="validateProductOnProductsPage" time="9.806"/>
  <system-out/>
</testsuite> <!-- com.qa.test.ProductTests -->
