<?xml version="1.0" encoding="UTF-8"?>
<!-- Generated by org.testng.reporters.JUnitReportReporter -->
<testsuite hostname="Salils-MacBook-Pro.local" failures="0" tests="3" name="com.qa.test.LoginTests" time="23.150" errors="0" timestamp="2021-02-18T14:47:34 IST" skipped="0">
  <testcase classname="com.qa.test.LoginTests" name="invalidUserName" time="5.098"/>
  <system-out/>
  <testcase classname="com.qa.test.LoginTests" name="invalidPassword" time="6.230"/>
  <system-out/>
  <testcase classname="com.qa.test.LoginTests" name="successfulLogin" time="11.822"/>
  <system-out/>
</testsuite> <!-- com.qa.test.LoginTests -->
